<?xml version="1.0" encoding="UTF-8"?>
<testsuite xmlns:xsi="http://www.w3.org/2001/XMLSchema-instance" xsi:noNamespaceSchemaLocation="https://maven.apache.org/surefire/maven-surefire-plugin/xsd/surefire-test-report.xsd" name="TestSuite" time="1.94" tests="32" errors="0" skipped="23" failures="9">
  <properties>
[...]
</properties>
  <testcase name="setup" classname="com.trax.testCases.TC_createPurchaseOrderTest" time="1.117">
    <failure message="Unable to find a free port" type="java.lang.RuntimeException">java.lang.RuntimeException: Unable to find a free port
</failure>
    <system-out><![CDATA[/var/lib/jenkins/workspace/Trax_Automation-Test/Resources/koretrax.svg
/var/lib/jenkins/workspace/Trax_Automation-Test/Reports
TRAX logo file placed
]]></system-out>
  </testcase>
  <testcase name="createPurchaseOrderTest" classname="com.trax.testCases.TC_createPurchaseOrderTest" time="0">
    <skipped message="Unable to find a free port"/>
    <system-out><![CDATA[instance-->com.trax.testCases.TC_createPurchaseOrderTest
methodname-->TC_createPurchaseOrderTest.createPurchaseOrderTest()[pri:0, instance:com.trax.testCases.TC_createPurchaseOrderTest@5ef60048]
finalInstance-->createPurchaseOrderTest
finalmethodname-->createPurchaseOrderTest
createPurchaseOrderTestValue is not present, so added
]]></system-out>
  </testcase>
  <testcase name="tearDown" classname="com.trax.testCases.TC_createPurchaseOrderTest" time="0">
    <skipped/>
    <system-out><![CDATA[onTestSkipped
]]></system-out>
  </testcase>
  <testcase name="setup" classname="com.trax.testCases.TC_salesQuoteByPartsIDTest" time="0.026">
    <failure message="Unable to find a free port" type="java.lang.RuntimeException">java.lang.RuntimeException: Unable to find a free port
</failure>
  </testcase>
  <testcase name="salesQuoteByPartsIDTest" classname="com.trax.testCases.TC_salesQuoteByPartsIDTest" time="0">
    <skipped message="Unable to find a free port"/>
    <system-out><![CDATA[instance-->com.trax.testCases.TC_salesQuoteByPartsIDTest
methodname-->TC_salesQuoteByPartsIDTest.salesQuoteByPartsIDTest()[pri:0, instance:com.trax.testCases.TC_salesQuoteByPartsIDTest@1d548a08]
finalInstance-->salesQuoteByPartsIDTest
finalmethodname-->salesQuoteByPartsIDTest
salesQuoteByPartsIDTestValue is not present, so added
]]></system-out>
  </testcase>
  <testcase name="tearDown" classname="com.trax.testCases.TC_salesQuoteByPartsIDTest" time="0">
    <skipped/>
    <system-out><![CDATA[onTestSkipped
]]></system-out>
  </testcase>
  <testcase name="setup" classname="com.trax.testCases.TC_salesQuoteBySearchTagsTest" time="0.007">
    <failure message="Unable to find a free port" type="java.lang.RuntimeException">java.lang.RuntimeException: Unable to find a free port
</failure>
  </testcase>
  <testcase name="salesQuoteBySearchTagsTest" classname="com.trax.testCases.TC_salesQuoteBySearchTagsTest" time="0">
    <skipped message="Unable to find a free port"/>
    <system-out><![CDATA[instance-->com.trax.testCases.TC_salesQuoteBySearchTagsTest
methodname-->TC_salesQuoteBySearchTagsTest.salesQuoteBySearchTagsTest()[pri:0, instance:com.trax.testCases.TC_salesQuoteBySearchTagsTest@16aa0a0a]
finalInstance-->salesQuoteBySearchTagsTest
finalmethodname-->salesQuoteBySearchTagsTest
salesQuoteBySearchTagsTestValue is not present, so added
]]></system-out>
  </testcase>
  <testcase name="tearDown" classname="com.trax.testCases.TC_salesQuoteBySearchTagsTest" time="0">
    <skipped/>
    <system-out><![CDATA[onTestSkipped
]]></system-out>
  </testcase>
  <testcase name="setup" classname="com.trax.testCases.TC_createSalesOrderwithFullInventory" time="0.006">
    <failure message="Unable to find a free port" type="java.lang.RuntimeException">java.lang.RuntimeException: Unable to find a free port
</failure>
  </testcase>
  <testcase name="createSalesOrderwithFullInventory" classname="com.trax.testCases.TC_createSalesOrderwithFullInventory" time="0">
    <skipped message="Unable to find a free port"/>
    <system-out><![CDATA[instance-->com.trax.testCases.TC_createSalesOrderwithFullInventory
methodname-->TC_createSalesOrderwithFullInventory.createSalesOrderwithFullInventory()[pri:0, instance:com.trax.testCases.TC_createSalesOrderwithFullInventory@780cb77]
finalInstance-->createSalesOrderwithFullInventory
finalmethodname-->createSalesOrderwithFullInventory
createSalesOrderwithFullInventoryValue is not present, so added
]]></system-out>
  </testcase>
  <testcase name="tearDown" classname="com.trax.testCases.TC_createSalesOrderwithFullInventory" time="0">
    <skipped/>
    <system-out><![CDATA[onTestSkipped
]]></system-out>
  </testcase>
  <testcase name="setup" classname="com.trax.testCases.TC_createSalesOrderwithPartialInventory" time="0.007">
    <failure message="Unable to find a free port" type="java.lang.RuntimeException">java.lang.RuntimeException: Unable to find a free port
</failure>
  </testcase>
  <testcase name="createSalesOrderwithPartialInventory" classname="com.trax.testCases.TC_createSalesOrderwithPartialInventory" time="0">
    <skipped message="Unable to find a free port"/>
    <system-out><![CDATA[instance-->com.trax.testCases.TC_createSalesOrderwithPartialInventory
methodname-->TC_createSalesOrderwithPartialInventory.createSalesOrderwithPartialInventory()[pri:0, instance:com.trax.testCases.TC_createSalesOrderwithPartialInventory@691a7f8f]
finalInstance-->createSalesOrderwithPartialInventory
finalmethodname-->createSalesOrderwithPartialInventory
createSalesOrderwithPartialInventoryValue is not present, so added
]]></system-out>
  </testcase>
  <testcase name="tearDown" classname="com.trax.testCases.TC_createSalesOrderwithPartialInventory" time="0">
    <skipped/>
    <system-out><![CDATA[onTestSkipped
]]></system-out>
  </testcase>
  <testcase name="setup" classname="com.trax.testCases.TC_createSalesOrderwithZeroInventory" time="0.007">
    <failure message="Unable to find a free port" type="java.lang.RuntimeException">java.lang.RuntimeException: Unable to find a free port
</failure>
  </testcase>
  <testcase name="createSalesOrderwithZeroInventory" classname="com.trax.testCases.TC_createSalesOrderwithZeroInventory" time="0">
    <skipped message="Unable to find a free port"/>
    <system-out><![CDATA[instance-->com.trax.testCases.TC_createSalesOrderwithZeroInventory
methodname-->TC_createSalesOrderwithZeroInventory.createSalesOrderwithZeroInventory()[pri:0, instance:com.trax.testCases.TC_createSalesOrderwithZeroInventory@50a7bc6e]
finalInstance-->createSalesOrderwithZeroInventory
finalmethodname-->createSalesOrderwithZeroInventory
createSalesOrderwithZeroInventoryValue is not present, so added
]]></system-out>
  </testcase>
  <testcase name="tearDown" classname="com.trax.testCases.TC_createSalesOrderwithZeroInventory" time="0">
    <skipped/>
    <system-out><![CDATA[onTestSkipped
]]></system-out>
  </testcase>
  <testcase name="setup" classname="com.trax.testCases.TC_addSupplierTest" time="0.016">
    <failure message="Unable to find a free port" type="java.lang.RuntimeException">java.lang.RuntimeException: Unable to find a free port
</failure>
  </testcase>
  <testcase name="addSupplierTest" classname="com.trax.testCases.TC_addSupplierTest" time="0">
    <skipped message="Unable to find a free port"/>
    <system-out><![CDATA[instance-->com.trax.testCases.TC_addSupplierTest
methodname-->TC_addSupplierTest.addSupplierTest()[pri:0, instance:com.trax.testCases.TC_addSupplierTest@161b062a]
finalInstance-->addSupplierTest
finalmethodname-->addSupplierTest
addSupplierTestValue is not present, so added
]]></system-out>
  </testcase>
  <testcase name="tearDown" classname="com.trax.testCases.TC_addSupplierTest" time="0">
    <skipped/>
    <system-out><![CDATA[onTestSkipped
]]></system-out>
  </testcase>
  <testcase name="setup" classname="com.trax.testCases.TC_addProdToMfrTest" time="0.008">
    <failure message="Unable to find a free port" type="java.lang.RuntimeException">java.lang.RuntimeException: Unable to find a free port
</failure>
  </testcase>
  <testcase name="addMfrTest" classname="com.trax.testCases.TC_addProdToMfrTest" time="0">
    <skipped message="Unable to find a free port"/>
    <system-out><![CDATA[instance-->com.trax.testCases.TC_addProdToMfrTest
methodname-->TC_addMfrTest.addMfrTest()[pri:0, instance:com.trax.testCases.TC_addProdToMfrTest@17c1bced]
finalInstance-->addProdToMfrTest
finalmethodname-->addMfrTest
addProdToMfrTestValue is not present, so added
]]></system-out>
  </testcase>
  <testcase name="addProdToMfrTest" classname="com.trax.testCases.TC_addProdToMfrTest" time="0">
    <skipped message="Unable to find a free port"/>
    <system-out><![CDATA[onTestSkipped
instance-->com.trax.testCases.TC_addProdToMfrTest
methodname-->TC_addProdToMfrTest.addProdToMfrTest()[pri:0, instance:com.trax.testCases.TC_addProdToMfrTest@17c1bced]
finalInstance-->addProdToMfrTest
finalmethodname-->addProdToMfrTest
addProdToMfrTest Value is already present
]]></system-out>
  </testcase>
  <testcase name="tearDown" classname="com.trax.testCases.TC_addProdToMfrTest" time="0">
    <skipped/>
    <system-out><![CDATA[onTestSkipped
]]></system-out>
  </testcase>
  <testcase name="setup" classname="com.trax.testCases.TC_convertJobAndPurchaseOrdersTest" time="0.008">
    <failure message="Unable to find a free port" type="java.lang.RuntimeException">java.lang.RuntimeException: Unable to find a free port
</failure>
  </testcase>
  <testcase name="addJobTest" classname="com.trax.testCases.TC_convertJobAndPurchaseOrdersTest" time="0">
    <skipped message="Unable to find a free port"/>
    <system-out><![CDATA[instance-->com.trax.testCases.TC_convertJobAndPurchaseOrdersTest
methodname-->TC_addJobTest.addJobTest()[pri:0, instance:com.trax.testCases.TC_convertJobAndPurchaseOrdersTest@2d9d4f9d]
finalInstance-->convertJobAndPurchaseOrdersTest
finalmethodname-->addJobTest
convertJobAndPurchaseOrdersTestValue is not present, so added
]]></system-out>
  </testcase>
  <testcase name="addAndPopulateJobTest" classname="com.trax.testCases.TC_convertJobAndPurchaseOrdersTest" time="0">
    <skipped message="Unable to find a free port"/>
    <system-out><![CDATA[onTestSkipped
instance-->com.trax.testCases.TC_convertJobAndPurchaseOrdersTest
methodname-->TC_addAndPopulateJobTest.addAndPopulateJobTest()[pri:0, instance:com.trax.testCases.TC_convertJobAndPurchaseOrdersTest@2d9d4f9d]
finalInstance-->convertJobAndPurchaseOrdersTest
finalmethodname-->addAndPopulateJobTest
convertJobAndPurchaseOrdersTest Value is already present
]]></system-out>
  </testcase>
  <testcase name="convertJobTest" classname="com.trax.testCases.TC_convertJobAndPurchaseOrdersTest" time="0">
    <skipped message="Unable to find a free port"/>
    <system-out><![CDATA[onTestSkipped
instance-->com.trax.testCases.TC_convertJobAndPurchaseOrdersTest
methodname-->TC_convertJobTest.convertJobTest()[pri:0, instance:com.trax.testCases.TC_convertJobAndPurchaseOrdersTest@2d9d4f9d]
finalInstance-->convertJobAndPurchaseOrdersTest
finalmethodname-->convertJobTest
convertJobAndPurchaseOrdersTest Value is already present
]]></system-out>
  </testcase>
  <testcase name="convertJobAndSubmittalTest" classname="com.trax.testCases.TC_convertJobAndPurchaseOrdersTest" time="0">
    <skipped message="Unable to find a free port"/>
    <system-out><![CDATA[onTestSkipped
instance-->com.trax.testCases.TC_convertJobAndPurchaseOrdersTest
methodname-->TC_convertJobAndSubmittalTest.convertJobAndSubmittalTest()[pri:0, instance:com.trax.testCases.TC_convertJobAndPurchaseOrdersTest@2d9d4f9d]
finalInstance-->convertJobAndPurchaseOrdersTest
finalmethodname-->convertJobAndSubmittalTest
convertJobAndPurchaseOrdersTest Value is already present
]]></system-out>
  </testcase>
  <testcase name="convertJobAndPurchaseOrdersTest" classname="com.trax.testCases.TC_convertJobAndPurchaseOrdersTest" time="0">
    <skipped message="Unable to find a free port"/>
    <system-out><![CDATA[onTestSkipped
instance-->com.trax.testCases.TC_convertJobAndPurchaseOrdersTest
methodname-->TC_convertJobAndPurchaseOrdersTest.convertJobAndPurchaseOrdersTest()[pri:0, instance:com.trax.testCases.TC_convertJobAndPurchaseOrdersTest@2d9d4f9d]
finalInstance-->convertJobAndPurchaseOrdersTest
finalmethodname-->convertJobAndPurchaseOrdersTest
convertJobAndPurchaseOrdersTest Value is already present
]]></system-out>
  </testcase>
  <testcase name="tearDown" classname="com.trax.testCases.TC_convertJobAndPurchaseOrdersTest" time="0">
    <skipped/>
    <system-out><![CDATA[onTestSkipped
]]></system-out>
  </testcase>
</testsuite>