-------------------------------------------------------------------------------
Test set: TestSuite
-------------------------------------------------------------------------------
Tests run: 32, Failures: 9, Errors: 0, Skipped: 23, Time elapsed: 1.94 s <<< FAILURE! - in TestSuite
setup(com.trax.testCases.TC_createPurchaseOrderTest)  Time elapsed: 1.117 s  <<< FAILURE!
java.lang.RuntimeException: Unable to find a free port

setup(com.trax.testCases.TC_salesQuoteByPartsIDTest)  Time elapsed: 0.026 s  <<< FAILURE!
java.lang.RuntimeException: Unable to find a free port

setup(com.trax.testCases.TC_salesQuoteBySearchTagsTest)  Time elapsed: 0.007 s  <<< FAILURE!
java.lang.RuntimeException: Unable to find a free port

setup(com.trax.testCases.TC_createSalesOrderwithFullInventory)  Time elapsed: 0.006 s  <<< FAILURE!
java.lang.RuntimeException: Unable to find a free port

setup(com.trax.testCases.TC_createSalesOrderwithPartialInventory)  Time elapsed: 0.007 s  <<< FAILURE!
java.lang.RuntimeException: Unable to find a free port

setup(com.trax.testCases.TC_createSalesOrderwithZeroInventory)  Time elapsed: 0.007 s  <<< FAILURE!
java.lang.RuntimeException: Unable to find a free port

setup(com.trax.testCases.TC_addSupplierTest)  Time elapsed: 0.016 s  <<< FAILURE!
java.lang.RuntimeException: Unable to find a free port

setup(com.trax.testCases.TC_addProdToMfrTest)  Time elapsed: 0.008 s  <<< FAILURE!
java.lang.RuntimeException: Unable to find a free port

setup(com.trax.testCases.TC_convertJobAndPurchaseOrdersTest)  Time elapsed: 0.008 s  <<< FAILURE!
java.lang.RuntimeException: Unable to find a free port

