<?xml version="1.0" encoding="UTF-8"?>
<testng-results ignored="0" total="2" passed="2" failed="0" skipped="0">
  <reporter-output>
  </reporter-output>
  <suite started-at="2021-08-08T00:24:50 EDT" name="TestV1" finished-at="2021-08-08T00:24:53 EDT" duration-ms="3699">
    <groups>
    </groups>
    <test started-at="2021-08-08T00:24:50 EDT" name="test Test" finished-at="2021-08-08T00:24:53 EDT" duration-ms="3699">
      <class name="com.trax.testCases.TC_GETRestAssured">
        <test-method signature="GETRestAssured()[pri:0, instance:com.trax.testCases.TC_GETRestAssured@120f102b]" started-at="2021-08-08T00:24:50 EDT" name="GETRestAssured" finished-at="2021-08-08T00:24:53 EDT" duration-ms="3152" status="PASS">
          <reporter-output>
          </reporter-output>
        </test-method> <!-- GETRestAssured -->
      </class> <!-- com.trax.testCases.TC_GETRestAssured -->
      <class name="com.trax.testCases.TC_POSTRestAssured">
        <test-method signature="POSTRestAssured()[pri:0, instance:com.trax.testCases.TC_POSTRestAssured@625732]" started-at="2021-08-08T00:24:53 EDT" name="POSTRestAssured" finished-at="2021-08-08T00:24:53 EDT" duration-ms="504" status="PASS">
          <reporter-output>
          </reporter-output>
        </test-method> <!-- POSTRestAssured -->
      </class> <!-- com.trax.testCases.TC_POSTRestAssured -->
    </test> <!-- test Test -->
  </suite> <!-- TestV1 -->
</testng-results>
