<?xml version="1.0" encoding="UTF-8"?>
<!-- Generated by org.testng.reporters.JUnitXMLReporter -->
<testsuite ignored="0" hostname="nor-atuls-lt" failures="1" tests="2" name="trax Test" time="5.888" errors="0" timestamp="2021-08-06T22:59:19 EDT">
  <testcase classname="com.trax.testCases.TC_GETRestAssured" name="GETRestAssured" time="5.64"/>
  <testcase classname="com.trax.testCases.TC_GETRestAssured" name="GETRestAssured" time="5.669">
    <failure type="java.lang.NullPointerException">
      <![CDATA[java.lang.NullPointerException
at com.trax.pageObjects.BaseClass.captureScreen(BaseClass.java:124)
at com.trax.utilities.Reporting.onTestSuccess(Reporting.java:121)
at java.base/java.util.ArrayList.forEach(ArrayList.java:1540)
... Removed 24 stack frames]]>
    </failure>
  </testcase> <!-- GETRestAssured -->
</testsuite> <!-- trax Test -->
